2022/11/01 19:23:33 [notice] 1#1: using the "epoll" event method
2022/11/01 19:23:33 [notice] 1#1: nginx/1.20.2
2022/11/01 19:23:33 [notice] 1#1: built by gcc 10.3.1 20210424 (Alpine 10.3.1_git20210424) 
2022/11/01 19:23:33 [notice] 1#1: OS: Linux 5.10.16.3-microsoft-standard-WSL2
2022/11/01 19:23:33 [notice] 1#1: getrlimit(RLIMIT_NOFILE): 1048576:1048576
2022/11/01 19:23:33 [notice] 1#1: start worker processes
2022/11/01 19:23:33 [notice] 1#1: start worker process 31
2022/11/01 19:23:33 [notice] 1#1: start worker process 32
2022/11/01 19:23:33 [notice] 1#1: start worker process 33
2022/11/01 19:23:33 [notice] 1#1: start worker process 34
2022/11/01 19:23:33 [notice] 1#1: start worker process 35
2022/11/01 19:23:33 [notice] 1#1: start worker process 36
2022/11/01 19:23:33 [notice] 1#1: start worker process 37
2022/11/01 19:23:33 [notice] 1#1: start worker process 38
2022/11/01 19:23:48 [error] 31#31: *1 directory index of "/var/www/public_html/" is forbidden, client: 172.23.0.1, server: sklara, request: "GET / HTTP/1.1", host: "localhost:18080"
2022/11/02 18:12:35 [notice] 1#1: using the "epoll" event method
2022/11/02 18:12:35 [notice] 1#1: nginx/1.20.2
2022/11/02 18:12:35 [notice] 1#1: built by gcc 10.3.1 20210424 (Alpine 10.3.1_git20210424) 
2022/11/02 18:12:35 [notice] 1#1: OS: Linux 5.10.16.3-microsoft-standard-WSL2
2022/11/02 18:12:35 [notice] 1#1: getrlimit(RLIMIT_NOFILE): 1048576:1048576
2022/11/02 18:12:35 [notice] 1#1: start worker processes
2022/11/02 18:12:35 [notice] 1#1: start worker process 31
2022/11/02 18:12:35 [notice] 1#1: start worker process 32
2022/11/02 18:12:35 [notice] 1#1: start worker process 33
2022/11/02 18:12:35 [notice] 1#1: start worker process 34
2022/11/02 18:12:35 [notice] 1#1: start worker process 35
2022/11/02 18:12:35 [notice] 1#1: start worker process 36
2022/11/02 18:12:35 [notice] 1#1: start worker process 37
2022/11/02 18:12:35 [notice] 1#1: start worker process 38
2022/11/02 18:13:12 [error] 31#31: *1 directory index of "/var/www/public_html/" is forbidden, client: 172.18.0.1, server: sklara, request: "GET / HTTP/1.1", host: "localhost:18080"
2022/11/02 18:16:45 [notice] 1#1: signal 3 (SIGQUIT) received, shutting down
2022/11/02 18:16:45 [notice] 31#31: gracefully shutting down
2022/11/02 18:16:45 [notice] 32#32: gracefully shutting down
2022/11/02 18:16:45 [notice] 34#34: gracefully shutting down
2022/11/02 18:16:45 [notice] 34#34: exiting
2022/11/02 18:16:45 [notice] 33#33: gracefully shutting down
2022/11/02 18:16:45 [notice] 36#36: gracefully shutting down
2022/11/02 18:16:45 [notice] 37#37: gracefully shutting down
2022/11/02 18:16:45 [notice] 38#38: gracefully shutting down
2022/11/02 18:16:45 [notice] 35#35: gracefully shutting down
2022/11/02 18:16:45 [notice] 31#31: exiting
2022/11/02 18:16:45 [notice] 32#32: exiting
2022/11/02 18:16:45 [notice] 34#34: exit
2022/11/02 18:16:45 [notice] 33#33: exiting
2022/11/02 18:16:45 [notice] 36#36: exiting
2022/11/02 18:16:45 [notice] 37#37: exiting
2022/11/02 18:16:45 [notice] 36#36: exit
2022/11/02 18:16:45 [notice] 38#38: exiting
2022/11/02 18:16:45 [notice] 35#35: exiting
2022/11/02 18:16:45 [notice] 31#31: exit
2022/11/02 18:16:45 [notice] 32#32: exit
2022/11/02 18:16:45 [notice] 33#33: exit
2022/11/02 18:16:45 [notice] 37#37: exit
2022/11/02 18:16:45 [notice] 38#38: exit
2022/11/02 18:16:45 [notice] 35#35: exit
2022/11/02 18:16:46 [notice] 1#1: signal 17 (SIGCHLD) received from 31
2022/11/02 18:16:46 [notice] 1#1: worker process 31 exited with code 0
2022/11/02 18:16:46 [notice] 1#1: worker process 33 exited with code 0
2022/11/02 18:16:46 [notice] 1#1: worker process 34 exited with code 0
2022/11/02 18:16:46 [notice] 1#1: worker process 35 exited with code 0
2022/11/02 18:16:46 [notice] 1#1: worker process 36 exited with code 0
2022/11/02 18:16:46 [notice] 1#1: signal 29 (SIGIO) received
2022/11/02 18:16:46 [notice] 1#1: signal 17 (SIGCHLD) received from 34
2022/11/02 18:16:46 [notice] 1#1: signal 17 (SIGCHLD) received from 37
2022/11/02 18:16:46 [notice] 1#1: worker process 32 exited with code 0
2022/11/02 18:16:46 [notice] 1#1: worker process 37 exited with code 0
2022/11/02 18:16:46 [notice] 1#1: worker process 38 exited with code 0
2022/11/02 18:16:46 [notice] 1#1: exit
2022/11/02 18:20:55 [notice] 1#1: using the "epoll" event method
2022/11/02 18:20:55 [notice] 1#1: nginx/1.20.2
2022/11/02 18:20:55 [notice] 1#1: built by gcc 10.3.1 20210424 (Alpine 10.3.1_git20210424) 
2022/11/02 18:20:55 [notice] 1#1: OS: Linux 5.10.16.3-microsoft-standard-WSL2
2022/11/02 18:20:55 [notice] 1#1: getrlimit(RLIMIT_NOFILE): 1048576:1048576
2022/11/02 18:20:55 [notice] 1#1: start worker processes
2022/11/02 18:20:55 [notice] 1#1: start worker process 32
2022/11/02 18:20:55 [notice] 1#1: start worker process 33
2022/11/02 18:20:55 [notice] 1#1: start worker process 34
2022/11/02 18:20:55 [notice] 1#1: start worker process 35
2022/11/02 18:20:55 [notice] 1#1: start worker process 36
2022/11/02 18:20:55 [notice] 1#1: start worker process 37
2022/11/02 18:20:55 [notice] 1#1: start worker process 38
2022/11/02 18:20:55 [notice] 1#1: start worker process 39
2022/11/02 18:46:10 [notice] 1#1: signal 3 (SIGQUIT) received, shutting down
2022/11/02 18:46:10 [notice] 32#32: gracefully shutting down
2022/11/02 18:46:10 [notice] 33#33: gracefully shutting down
2022/11/02 18:46:10 [notice] 34#34: gracefully shutting down
2022/11/02 18:46:10 [notice] 37#37: gracefully shutting down
2022/11/02 18:46:10 [notice] 37#37: exiting
2022/11/02 18:46:10 [notice] 36#36: gracefully shutting down
2022/11/02 18:46:10 [notice] 37#37: exit
2022/11/02 18:46:10 [notice] 38#38: gracefully shutting down
2022/11/02 18:46:10 [notice] 38#38: exiting
2022/11/02 18:46:10 [notice] 39#39: gracefully shutting down
2022/11/02 18:46:10 [notice] 35#35: gracefully shutting down
2022/11/02 18:46:10 [notice] 32#32: exiting
2022/11/02 18:46:10 [notice] 33#33: exiting
2022/11/02 18:46:10 [notice] 34#34: exiting
2022/11/02 18:46:10 [notice] 36#36: exiting
2022/11/02 18:46:10 [notice] 38#38: exit
2022/11/02 18:46:10 [notice] 39#39: exiting
2022/11/02 18:46:10 [notice] 39#39: exit
2022/11/02 18:46:10 [notice] 35#35: exiting
2022/11/02 18:46:10 [notice] 32#32: exit
2022/11/02 18:46:10 [notice] 33#33: exit
2022/11/02 18:46:10 [notice] 34#34: exit
2022/11/02 18:46:10 [notice] 36#36: exit
2022/11/02 18:46:10 [notice] 35#35: exit
2022/11/02 18:46:10 [notice] 1#1: signal 17 (SIGCHLD) received from 34
2022/11/02 18:46:10 [notice] 1#1: worker process 34 exited with code 0
2022/11/02 18:46:10 [notice] 1#1: signal 29 (SIGIO) received
2022/11/02 18:46:10 [notice] 1#1: signal 17 (SIGCHLD) received from 37
2022/11/02 18:46:10 [notice] 1#1: worker process 37 exited with code 0
2022/11/02 18:46:10 [notice] 1#1: signal 29 (SIGIO) received
2022/11/02 18:46:10 [notice] 1#1: signal 17 (SIGCHLD) received from 33
2022/11/02 18:46:10 [notice] 1#1: worker process 32 exited with code 0
2022/11/02 18:46:10 [notice] 1#1: worker process 33 exited with code 0
2022/11/02 18:46:10 [notice] 1#1: worker process 35 exited with code 0
2022/11/02 18:46:10 [notice] 1#1: worker process 39 exited with code 0
2022/11/02 18:46:10 [notice] 1#1: signal 29 (SIGIO) received
2022/11/02 18:46:10 [notice] 1#1: signal 17 (SIGCHLD) received from 32
2022/11/02 18:46:10 [notice] 1#1: signal 17 (SIGCHLD) received from 38
2022/11/02 18:46:10 [notice] 1#1: worker process 36 exited with code 0
2022/11/02 18:46:10 [notice] 1#1: worker process 38 exited with code 0
2022/11/02 18:46:10 [notice] 1#1: exit
2022/11/02 19:01:14 [notice] 1#1: using the "epoll" event method
2022/11/02 19:01:14 [notice] 1#1: nginx/1.20.2
2022/11/02 19:01:14 [notice] 1#1: built by gcc 10.3.1 20210424 (Alpine 10.3.1_git20210424) 
2022/11/02 19:01:14 [notice] 1#1: OS: Linux 5.10.16.3-microsoft-standard-WSL2
2022/11/02 19:01:14 [notice] 1#1: getrlimit(RLIMIT_NOFILE): 1048576:1048576
2022/11/02 19:01:14 [notice] 1#1: start worker processes
2022/11/02 19:01:14 [notice] 1#1: start worker process 31
2022/11/02 19:01:14 [notice] 1#1: start worker process 32
2022/11/02 19:01:14 [notice] 1#1: start worker process 33
2022/11/02 19:01:14 [notice] 1#1: start worker process 34
2022/11/02 19:01:14 [notice] 1#1: start worker process 35
2022/11/02 19:01:14 [notice] 1#1: start worker process 36
2022/11/02 19:01:14 [notice] 1#1: start worker process 37
2022/11/02 19:01:14 [notice] 1#1: start worker process 38
2022/11/02 19:07:58 [notice] 1#1: signal 3 (SIGQUIT) received, shutting down
2022/11/02 19:07:58 [notice] 35#35: gracefully shutting down
2022/11/02 19:07:58 [notice] 32#32: gracefully shutting down
2022/11/02 19:07:58 [notice] 34#34: gracefully shutting down
2022/11/02 19:07:58 [notice] 37#37: gracefully shutting down
2022/11/02 19:07:58 [notice] 33#33: gracefully shutting down
2022/11/02 19:07:58 [notice] 36#36: gracefully shutting down
2022/11/02 19:07:58 [notice] 31#31: gracefully shutting down
2022/11/02 19:07:58 [notice] 38#38: gracefully shutting down
2022/11/02 19:07:58 [notice] 35#35: exiting
2022/11/02 19:07:58 [notice] 32#32: exiting
2022/11/02 19:07:58 [notice] 34#34: exiting
2022/11/02 19:07:58 [notice] 37#37: exiting
2022/11/02 19:07:58 [notice] 33#33: exiting
2022/11/02 19:07:58 [notice] 36#36: exiting
2022/11/02 19:07:58 [notice] 31#31: exiting
2022/11/02 19:07:58 [notice] 38#38: exiting
2022/11/02 19:07:58 [notice] 35#35: exit
2022/11/02 19:07:58 [notice] 32#32: exit
2022/11/02 19:07:58 [notice] 34#34: exit
2022/11/02 19:07:58 [notice] 37#37: exit
2022/11/02 19:07:58 [notice] 33#33: exit
2022/11/02 19:07:58 [notice] 36#36: exit
2022/11/02 19:07:58 [notice] 31#31: exit
2022/11/02 19:07:58 [notice] 38#38: exit
2022/11/02 19:07:58 [notice] 1#1: signal 17 (SIGCHLD) received from 31
2022/11/02 19:07:58 [notice] 1#1: worker process 31 exited with code 0
2022/11/02 19:07:58 [notice] 1#1: worker process 32 exited with code 0
2022/11/02 19:07:58 [notice] 1#1: worker process 33 exited with code 0
2022/11/02 19:07:58 [notice] 1#1: worker process 34 exited with code 0
2022/11/02 19:07:58 [notice] 1#1: worker process 36 exited with code 0
2022/11/02 19:07:58 [notice] 1#1: worker process 37 exited with code 0
2022/11/02 19:07:58 [notice] 1#1: worker process 38 exited with code 0
2022/11/02 19:07:58 [notice] 1#1: signal 29 (SIGIO) received
2022/11/02 19:07:58 [notice] 1#1: signal 17 (SIGCHLD) received from 32
2022/11/02 19:07:58 [notice] 1#1: signal 17 (SIGCHLD) received from 35
2022/11/02 19:07:58 [notice] 1#1: worker process 35 exited with code 0
2022/11/02 19:07:58 [notice] 1#1: exit
2022/11/02 19:14:16 [notice] 1#1: using the "epoll" event method
2022/11/02 19:14:16 [notice] 1#1: nginx/1.20.2
2022/11/02 19:14:16 [notice] 1#1: built by gcc 10.3.1 20210424 (Alpine 10.3.1_git20210424) 
2022/11/02 19:14:16 [notice] 1#1: OS: Linux 5.10.16.3-microsoft-standard-WSL2
2022/11/02 19:14:16 [notice] 1#1: getrlimit(RLIMIT_NOFILE): 1048576:1048576
2022/11/02 19:14:16 [notice] 1#1: start worker processes
2022/11/02 19:14:16 [notice] 1#1: start worker process 31
2022/11/02 19:14:16 [notice] 1#1: start worker process 32
2022/11/02 19:14:16 [notice] 1#1: start worker process 33
2022/11/02 19:14:16 [notice] 1#1: start worker process 34
2022/11/02 19:14:16 [notice] 1#1: start worker process 35
2022/11/02 19:14:16 [notice] 1#1: start worker process 36
2022/11/02 19:14:16 [notice] 1#1: start worker process 37
2022/11/02 19:14:16 [notice] 1#1: start worker process 38
2022/11/02 19:19:19 [notice] 1#1: signal 3 (SIGQUIT) received, shutting down
2022/11/02 19:19:19 [notice] 38#38: gracefully shutting down
2022/11/02 19:19:19 [notice] 31#31: gracefully shutting down
2022/11/02 19:19:19 [notice] 32#32: gracefully shutting down
2022/11/02 19:19:19 [notice] 33#33: gracefully shutting down
2022/11/02 19:19:19 [notice] 33#33: exiting
2022/11/02 19:19:19 [notice] 36#36: gracefully shutting down
2022/11/02 19:19:19 [notice] 35#35: gracefully shutting down
2022/11/02 19:19:19 [notice] 37#37: gracefully shutting down
2022/11/02 19:19:19 [notice] 34#34: gracefully shutting down
2022/11/02 19:19:19 [notice] 38#38: exiting
2022/11/02 19:19:19 [notice] 31#31: exiting
2022/11/02 19:19:19 [notice] 32#32: exiting
2022/11/02 19:19:19 [notice] 36#36: exiting
2022/11/02 19:19:19 [notice] 33#33: exit
2022/11/02 19:19:19 [notice] 35#35: exiting
2022/11/02 19:19:19 [notice] 37#37: exiting
2022/11/02 19:19:19 [notice] 34#34: exiting
2022/11/02 19:19:19 [notice] 38#38: exit
2022/11/02 19:19:19 [notice] 31#31: exit
2022/11/02 19:19:19 [notice] 32#32: exit
2022/11/02 19:19:19 [notice] 36#36: exit
2022/11/02 19:19:19 [notice] 35#35: exit
2022/11/02 19:19:19 [notice] 37#37: exit
2022/11/02 19:19:19 [notice] 34#34: exit
2022/11/02 19:19:19 [notice] 1#1: signal 17 (SIGCHLD) received from 35
2022/11/02 19:19:19 [notice] 1#1: worker process 33 exited with code 0
2022/11/02 19:19:19 [notice] 1#1: worker process 35 exited with code 0
2022/11/02 19:19:19 [notice] 1#1: signal 29 (SIGIO) received
2022/11/02 19:19:19 [notice] 1#1: signal 17 (SIGCHLD) received from 32
2022/11/02 19:19:19 [notice] 1#1: worker process 31 exited with code 0
2022/11/02 19:19:19 [notice] 1#1: worker process 32 exited with code 0
2022/11/02 19:19:19 [notice] 1#1: worker process 34 exited with code 0
2022/11/02 19:19:19 [notice] 1#1: worker process 36 exited with code 0
2022/11/02 19:19:19 [notice] 1#1: worker process 37 exited with code 0
2022/11/02 19:19:19 [notice] 1#1: worker process 38 exited with code 0
2022/11/02 19:19:19 [notice] 1#1: exit
2022/11/02 19:19:21 [notice] 1#1: using the "epoll" event method
2022/11/02 19:19:21 [notice] 1#1: nginx/1.20.2
2022/11/02 19:19:21 [notice] 1#1: built by gcc 10.3.1 20210424 (Alpine 10.3.1_git20210424) 
2022/11/02 19:19:21 [notice] 1#1: OS: Linux 5.10.16.3-microsoft-standard-WSL2
2022/11/02 19:19:21 [notice] 1#1: getrlimit(RLIMIT_NOFILE): 1048576:1048576
2022/11/02 19:19:21 [notice] 1#1: start worker processes
2022/11/02 19:19:21 [notice] 1#1: start worker process 31
2022/11/02 19:19:21 [notice] 1#1: start worker process 32
2022/11/02 19:19:21 [notice] 1#1: start worker process 33
2022/11/02 19:19:21 [notice] 1#1: start worker process 34
2022/11/02 19:19:21 [notice] 1#1: start worker process 35
2022/11/02 19:19:21 [notice] 1#1: start worker process 36
2022/11/02 19:19:21 [notice] 1#1: start worker process 37
2022/11/02 19:19:21 [notice] 1#1: start worker process 38
2022/11/02 19:53:22 [notice] 1#1: signal 3 (SIGQUIT) received, shutting down
2022/11/02 19:53:22 [notice] 31#31: gracefully shutting down
2022/11/02 19:53:22 [notice] 35#35: gracefully shutting down
2022/11/02 19:53:22 [notice] 32#32: gracefully shutting down
2022/11/02 19:53:22 [notice] 33#33: gracefully shutting down
2022/11/02 19:53:22 [notice] 34#34: gracefully shutting down
2022/11/02 19:53:22 [notice] 37#37: gracefully shutting down
2022/11/02 19:53:22 [notice] 36#36: gracefully shutting down
2022/11/02 19:53:22 [notice] 38#38: gracefully shutting down
2022/11/02 19:53:22 [notice] 31#31: exiting
2022/11/02 19:53:22 [notice] 35#35: exiting
2022/11/02 19:53:22 [notice] 36#36: exiting
2022/11/02 19:53:22 [notice] 32#32: exiting
2022/11/02 19:53:22 [notice] 33#33: exiting
2022/11/02 19:53:22 [notice] 34#34: exiting
2022/11/02 19:53:22 [notice] 37#37: exiting
2022/11/02 19:53:22 [notice] 38#38: exiting
2022/11/02 19:53:22 [notice] 31#31: exit
2022/11/02 19:53:22 [notice] 36#36: exit
2022/11/02 19:53:22 [notice] 35#35: exit
2022/11/02 19:53:22 [notice] 32#32: exit
2022/11/02 19:53:22 [notice] 33#33: exit
2022/11/02 19:53:22 [notice] 34#34: exit
2022/11/02 19:53:22 [notice] 37#37: exit
2022/11/02 19:53:22 [notice] 38#38: exit
2022/11/02 19:53:22 [notice] 1#1: signal 17 (SIGCHLD) received from 31
2022/11/02 19:53:22 [notice] 1#1: worker process 31 exited with code 0
2022/11/02 19:53:22 [notice] 1#1: worker process 33 exited with code 0
2022/11/02 19:53:22 [notice] 1#1: worker process 34 exited with code 0
2022/11/02 19:53:22 [notice] 1#1: worker process 37 exited with code 0
2022/11/02 19:53:22 [notice] 1#1: signal 29 (SIGIO) received
2022/11/02 19:53:22 [notice] 1#1: signal 17 (SIGCHLD) received from 37
2022/11/02 19:53:22 [notice] 1#1: signal 17 (SIGCHLD) received from 32
2022/11/02 19:53:22 [notice] 1#1: worker process 32 exited with code 0
2022/11/02 19:53:22 [notice] 1#1: worker process 35 exited with code 0
2022/11/02 19:53:22 [notice] 1#1: signal 29 (SIGIO) received
2022/11/02 19:53:22 [notice] 1#1: signal 17 (SIGCHLD) received from 35
2022/11/02 19:53:22 [notice] 1#1: signal 17 (SIGCHLD) received from 36
2022/11/02 19:53:22 [notice] 1#1: worker process 36 exited with code 0
2022/11/02 19:53:22 [notice] 1#1: signal 29 (SIGIO) received
2022/11/02 19:53:22 [notice] 1#1: signal 17 (SIGCHLD) received from 38
2022/11/02 19:53:22 [notice] 1#1: worker process 38 exited with code 0
2022/11/02 19:53:22 [notice] 1#1: exit
2022/11/02 19:53:26 [notice] 1#1: using the "epoll" event method
2022/11/02 19:53:26 [notice] 1#1: nginx/1.20.2
2022/11/02 19:53:26 [notice] 1#1: built by gcc 10.3.1 20210424 (Alpine 10.3.1_git20210424) 
2022/11/02 19:53:26 [notice] 1#1: OS: Linux 5.10.16.3-microsoft-standard-WSL2
2022/11/02 19:53:26 [notice] 1#1: getrlimit(RLIMIT_NOFILE): 1048576:1048576
2022/11/02 19:53:26 [notice] 1#1: start worker processes
2022/11/02 19:53:26 [notice] 1#1: start worker process 31
2022/11/02 19:53:26 [notice] 1#1: start worker process 32
2022/11/02 19:53:26 [notice] 1#1: start worker process 33
2022/11/02 19:53:26 [notice] 1#1: start worker process 34
2022/11/02 19:53:26 [notice] 1#1: start worker process 35
2022/11/02 19:53:26 [notice] 1#1: start worker process 36
2022/11/02 19:53:26 [notice] 1#1: start worker process 37
2022/11/02 19:53:26 [notice] 1#1: start worker process 38
2022/11/02 20:02:42 [notice] 1#1: signal 3 (SIGQUIT) received, shutting down
2022/11/02 20:02:42 [notice] 31#31: gracefully shutting down
2022/11/02 20:02:42 [notice] 32#32: gracefully shutting down
2022/11/02 20:02:42 [notice] 33#33: gracefully shutting down
2022/11/02 20:02:42 [notice] 33#33: exiting
2022/11/02 20:02:42 [notice] 34#34: gracefully shutting down
2022/11/02 20:02:42 [notice] 35#35: gracefully shutting down
2022/11/02 20:02:42 [notice] 36#36: gracefully shutting down
2022/11/02 20:02:42 [notice] 37#37: gracefully shutting down
2022/11/02 20:02:42 [notice] 38#38: gracefully shutting down
2022/11/02 20:02:42 [notice] 31#31: exiting
2022/11/02 20:02:42 [notice] 33#33: exit
2022/11/02 20:02:42 [notice] 34#34: exiting
2022/11/02 20:02:42 [notice] 35#35: exiting
2022/11/02 20:02:42 [notice] 36#36: exiting
2022/11/02 20:02:42 [notice] 35#35: exit
2022/11/02 20:02:42 [notice] 37#37: exiting
2022/11/02 20:02:42 [notice] 38#38: exiting
2022/11/02 20:02:42 [notice] 31#31: exit
2022/11/02 20:02:42 [notice] 34#34: exit
2022/11/02 20:02:42 [notice] 36#36: exit
2022/11/02 20:02:42 [notice] 37#37: exit
2022/11/02 20:02:42 [notice] 38#38: exit
2022/11/02 20:02:42 [notice] 1#1: signal 17 (SIGCHLD) received from 35
2022/11/02 20:02:42 [notice] 1#1: worker process 31 exited with code 0
2022/11/02 20:02:42 [notice] 1#1: worker process 35 exited with code 0
2022/11/02 20:02:42 [notice] 1#1: worker process 38 exited with code 0
2022/11/02 20:02:42 [notice] 1#1: signal 29 (SIGIO) received
2022/11/02 20:02:42 [notice] 1#1: signal 17 (SIGCHLD) received from 34
2022/11/02 20:02:42 [notice] 1#1: worker process 34 exited with code 0
2022/11/02 20:02:42 [notice] 1#1: signal 29 (SIGIO) received
2022/11/02 20:02:42 [notice] 1#1: signal 17 (SIGCHLD) received from 37
2022/11/02 20:02:42 [notice] 1#1: worker process 37 exited with code 0
2022/11/02 20:02:42 [notice] 1#1: signal 29 (SIGIO) received
2022/11/02 20:02:42 [notice] 1#1: signal 17 (SIGCHLD) received from 33
2022/11/02 20:02:42 [notice] 1#1: worker process 33 exited with code 0
2022/11/02 20:02:42 [notice] 1#1: worker process 36 exited with code 0
2022/11/02 20:02:42 [notice] 1#1: signal 29 (SIGIO) received
2022/11/02 20:02:42 [notice] 1#1: signal 17 (SIGCHLD) received from 36
2022/11/02 20:04:08 [notice] 1#1: using the "epoll" event method
2022/11/02 20:04:08 [notice] 1#1: nginx/1.20.2
2022/11/02 20:04:08 [notice] 1#1: built by gcc 10.3.1 20210424 (Alpine 10.3.1_git20210424) 
2022/11/02 20:04:08 [notice] 1#1: OS: Linux 5.10.16.3-microsoft-standard-WSL2
2022/11/02 20:04:08 [notice] 1#1: getrlimit(RLIMIT_NOFILE): 1048576:1048576
2022/11/02 20:04:08 [notice] 1#1: start worker processes
2022/11/02 20:04:08 [notice] 1#1: start worker process 31
2022/11/02 20:04:08 [notice] 1#1: start worker process 32
2022/11/02 20:04:08 [notice] 1#1: start worker process 33
2022/11/02 20:04:08 [notice] 1#1: start worker process 34
2022/11/02 20:04:08 [notice] 1#1: start worker process 35
2022/11/02 20:04:08 [notice] 1#1: start worker process 36
2022/11/02 20:04:08 [notice] 1#1: start worker process 37
2022/11/02 20:04:08 [notice] 1#1: start worker process 38
2022/11/02 20:13:56 [notice] 1#1: signal 3 (SIGQUIT) received, shutting down
2022/11/02 20:13:56 [notice] 31#31: gracefully shutting down
2022/11/02 20:13:56 [notice] 32#32: gracefully shutting down
2022/11/02 20:13:56 [notice] 33#33: gracefully shutting down
2022/11/02 20:13:56 [notice] 34#34: gracefully shutting down
2022/11/02 20:13:56 [notice] 35#35: gracefully shutting down
2022/11/02 20:13:56 [notice] 33#33: exiting
2022/11/02 20:13:56 [notice] 36#36: gracefully shutting down
2022/11/02 20:13:56 [notice] 37#37: gracefully shutting down
2022/11/02 20:13:56 [notice] 38#38: gracefully shutting down
2022/11/02 20:13:56 [notice] 31#31: exiting
2022/11/02 20:13:56 [notice] 32#32: exiting
2022/11/02 20:13:56 [notice] 34#34: exiting
2022/11/02 20:13:56 [notice] 35#35: exiting
2022/11/02 20:13:56 [notice] 36#36: exiting
2022/11/02 20:13:56 [notice] 33#33: exit
2022/11/02 20:13:56 [notice] 37#37: exiting
2022/11/02 20:13:56 [notice] 38#38: exiting
2022/11/02 20:13:56 [notice] 31#31: exit
2022/11/02 20:13:56 [notice] 32#32: exit
2022/11/02 20:13:56 [notice] 34#34: exit
2022/11/02 20:13:56 [notice] 35#35: exit
2022/11/02 20:13:56 [notice] 36#36: exit
2022/11/02 20:13:56 [notice] 37#37: exit
2022/11/02 20:13:56 [notice] 38#38: exit
2022/11/02 20:13:57 [notice] 1#1: signal 17 (SIGCHLD) received from 33
2022/11/02 20:13:57 [notice] 1#1: worker process 33 exited with code 0
2022/11/02 20:13:57 [notice] 1#1: signal 29 (SIGIO) received
2022/11/02 20:13:57 [notice] 1#1: signal 17 (SIGCHLD) received from 38
2022/11/02 20:13:57 [notice] 1#1: worker process 31 exited with code 0
2022/11/02 20:13:57 [notice] 1#1: worker process 32 exited with code 0
2022/11/02 20:13:57 [notice] 1#1: worker process 34 exited with code 0
2022/11/02 20:13:57 [notice] 1#1: worker process 37 exited with code 0
2022/11/02 20:13:57 [notice] 1#1: worker process 38 exited with code 0
2022/11/02 20:13:57 [notice] 1#1: signal 29 (SIGIO) received
2022/11/02 20:13:57 [notice] 1#1: signal 17 (SIGCHLD) received from 34
2022/11/02 20:13:57 [notice] 1#1: signal 17 (SIGCHLD) received from 36
2022/11/02 20:13:57 [notice] 1#1: worker process 36 exited with code 0
2022/11/02 20:13:57 [notice] 1#1: signal 29 (SIGIO) received
2022/11/02 20:13:57 [notice] 1#1: signal 17 (SIGCHLD) received from 35
2022/11/02 20:13:57 [notice] 1#1: worker process 35 exited with code 0
2022/11/02 20:13:57 [notice] 1#1: exit
2022/11/02 20:14:02 [notice] 1#1: using the "epoll" event method
2022/11/02 20:14:02 [notice] 1#1: nginx/1.20.2
2022/11/02 20:14:02 [notice] 1#1: built by gcc 10.3.1 20210424 (Alpine 10.3.1_git20210424) 
2022/11/02 20:14:02 [notice] 1#1: OS: Linux 5.10.16.3-microsoft-standard-WSL2
2022/11/02 20:14:02 [notice] 1#1: getrlimit(RLIMIT_NOFILE): 1048576:1048576
2022/11/02 20:14:02 [notice] 1#1: start worker processes
2022/11/02 20:14:02 [notice] 1#1: start worker process 31
2022/11/02 20:14:02 [notice] 1#1: start worker process 32
2022/11/02 20:14:02 [notice] 1#1: start worker process 33
2022/11/02 20:14:02 [notice] 1#1: start worker process 34
2022/11/02 20:14:02 [notice] 1#1: start worker process 35
2022/11/02 20:14:02 [notice] 1#1: start worker process 36
2022/11/02 20:14:02 [notice] 1#1: start worker process 37
2022/11/02 20:14:02 [notice] 1#1: start worker process 38
